<?xml version="1.0" encoding="UTF-8"?>
<!-- Generated by org.testng.reporters.JUnitReportReporter -->
<testsuite hostname="QT-INBG-LT0290" failures="0" tests="8" name="mobileworld.HomePage" time="42.456" errors="0" timestamp="2022-09-19T09:24:53 IST" skipped="0">
  <testcase classname="mobileworld.HomePage" name="homepage1" time="6.845"/>
  <system-out/>
  <testcase classname="mobileworld.HomePage" name="homepage8" time="5.244"/>
  <system-out/>
  <testcase classname="mobileworld.HomePage" name="homepage6" time="4.880"/>
  <system-out/>
  <testcase classname="mobileworld.HomePage" name="homepage4" time="5.248"/>
  <system-out/>
  <testcase classname="mobileworld.HomePage" name="homepage3" time="5.213"/>
  <system-out/>
  <testcase classname="mobileworld.HomePage" name="homepage2" time="4.981"/>
  <system-out/>
  <testcase classname="mobileworld.HomePage" name="homepage5" time="5.139"/>
  <system-out/>
  <testcase classname="mobileworld.HomePage" name="homepage7" time="4.906"/>
  <system-out/>
</testsuite> <!-- mobileworld.HomePage -->
