<?xml version="1.0" encoding="UTF-8"?>
<!-- Generated by org.testng.reporters.JUnitReportReporter -->
<testsuite hostname="QT-INBG-LT0290" failures="0" tests="1" name="mobileworld.LandingPage" time="6.875" errors="0" timestamp="2022-09-15T13:29:07 IST" skipped="0">
  <testcase classname="mobileworld.LandingPage" name="Launch_Browser" time="6.875"/>
  <system-out/>
</testsuite> <!-- mobileworld.LandingPage -->
