<?xml version="1.0" encoding="UTF-8"?>
<!-- Generated by org.testng.reporters.JUnitReportReporter -->
<testsuite hostname="QT-INBG-LT0290" failures="0" tests="1" name="mobileworld.signin" time="9.153" errors="0" timestamp="2022-09-16T13:24:41 IST" skipped="0">
  <testcase classname="mobileworld.signin" name="F" time="9.153"/>
  <system-out/>
</testsuite> <!-- mobileworld.signin -->
