<?xml version="1.0" encoding="UTF-8"?>
<!-- Generated by org.testng.reporters.JUnitReportReporter -->
<testsuite hostname="QT-INBG-LT0290" failures="0" tests="1" name="mobileworld.SignUp" time="11.378" errors="0" timestamp="2022-09-16T15:24:55 IST" skipped="0">
  <testcase classname="mobileworld.SignUp" name="F" time="11.378"/>
  <system-out/>
</testsuite> <!-- mobileworld.SignUp -->
