<?xml version="1.0" encoding="UTF-8"?>
<!-- Generated by org.testng.reporters.JUnitReportReporter -->
<testsuite hostname="QT-INBG-LT0290" failures="0" tests="8" name="m_word.HomePage" time="48.023" errors="0" timestamp="2022-09-19T12:25:10 IST" skipped="0">
  <testcase classname="m_word.HomePage" name="homepage3" time="5.615"/>
  <system-out/>
  <testcase classname="m_word.HomePage" name="homepage6" time="5.495"/>
  <system-out/>
  <testcase classname="m_word.HomePage" name="homepage4" time="7.335"/>
  <system-out/>
  <testcase classname="m_word.HomePage" name="homepage1" time="6.972"/>
  <system-out/>
  <testcase classname="m_word.HomePage" name="homepage5" time="5.535"/>
  <system-out/>
  <testcase classname="m_word.HomePage" name="homepage2" time="5.434"/>
  <system-out/>
  <testcase classname="m_word.HomePage" name="homepage8" time="5.981"/>
  <system-out/>
  <testcase classname="m_word.HomePage" name="homepage7" time="5.656"/>
  <system-out/>
</testsuite> <!-- m_word.HomePage -->
