<?xml version="1.0" encoding="UTF-8"?>
<!-- Generated by org.testng.reporters.JUnitReportReporter -->
<testsuite hostname="QT-INBG-LT0290" failures="0" tests="8" name="automation_mobileworld.HomePagetest" time="43.881" errors="0" timestamp="2022-09-20T15:25:27 IST" skipped="0">
  <testcase classname="automation_mobileworld.HomePagetest" name="homepage7" time="5.981"/>
  <system-out/>
  <testcase classname="automation_mobileworld.HomePagetest" name="homepage6" time="5.437"/>
  <system-out/>
  <testcase classname="automation_mobileworld.HomePagetest" name="homepage3" time="5.568"/>
  <system-out/>
  <testcase classname="automation_mobileworld.HomePagetest" name="homepage8" time="5.618"/>
  <system-out/>
  <testcase classname="automation_mobileworld.HomePagetest" name="homepage4" time="5.481"/>
  <system-out/>
  <testcase classname="automation_mobileworld.HomePagetest" name="homepage5" time="5.525"/>
  <system-out/>
  <testcase classname="automation_mobileworld.HomePagetest" name="homepage1" time="6.267"/>
  <system-out/>
  <testcase classname="automation_mobileworld.HomePagetest" name="homepage2" time="4.004"/>
  <system-out/>
</testsuite> <!-- automation_mobileworld.HomePagetest -->
